<?xml version="1.0" encoding="UTF-8"?>
<testng-results ignored="0" total="1" passed="1" failed="0" skipped="0">
  <reporter-output>
  </reporter-output>
  <suite started-at="2023-01-20T11:43:24 BDT" name="Default suite" finished-at="2023-01-20T11:43:46 BDT" duration-ms="21219">
    <groups>
    </groups>
    <test started-at="2023-01-20T11:43:24 BDT" name="Default test" finished-at="2023-01-20T11:43:46 BDT" duration-ms="21219">
      <class name="TestCase.TestCaseG">
        <test-method is-config="true" signature="setBrowser()[pri:0, instance:TestCase.TestCaseG@54d9d12d]" started-at="2023-01-20T11:43:22 BDT" name="setBrowser" finished-at="2023-01-20T11:43:24 BDT" duration-ms="2322" status="PASS">
          <reporter-output>
          </reporter-output>
        </test-method> <!-- setBrowser -->
        <test-method signature="testCase()[pri:0, instance:TestCase.TestCaseG@54d9d12d]" started-at="2023-01-20T11:43:24 BDT" name="testCase" finished-at="2023-01-20T11:43:46 BDT" duration-ms="21142" status="PASS">
          <reporter-output>
          </reporter-output>
        </test-method> <!-- testCase -->
        <test-method is-config="true" signature="quiteBrowser()[pri:0, instance:TestCase.TestCaseG@54d9d12d]" started-at="2023-01-20T11:43:46 BDT" name="quiteBrowser" finished-at="2023-01-20T11:43:46 BDT" duration-ms="370" status="PASS">
          <reporter-output>
          </reporter-output>
        </test-method> <!-- quiteBrowser -->
      </class> <!-- TestCase.TestCaseG -->
    </test> <!-- Default test -->
  </suite> <!-- Default suite -->
</testng-results>
